Change Designator: Invalid Designator
Change Designator: Invalid Designator
Change Designator: Invalid Designator
Change Designator: Invalid Designator
Change Designator: Invalid Designator
Change Designator: Invalid Designator
Add Component: Footprint Not Found Amphenol ICC _ FCI 68786-102LF-Footprint-1
Add Pin To Net: Unknown Pin: Pin 1-1
Add Pin To Net: Unknown Pin: Pin 1-2
Add Net: Net with name "NetDS?_1" already exists
Add Net: Net with name "NetDS?_1" already exists
Add Net: Net with name "NetDS?_1" already exists
Added Member To Class: ClassName=MainSchematic Member=Component * Texas Instruments LM7805MPX/NOPB
Add Class Member: Failed to add class member : Component 1 Amphenol ICC / FCI 68786-102LF
Added Member To Class: ClassName=MainSchematic Member=Component DS? HSMD-C190
Added Member To Class: ClassName=MainSchematic Member=Component DS? HSMD-C190
Added Member To Class: ClassName=MainSchematic Member=Component DS? HSMD-C190
Add Class Member: Failed to add class member : Component  35362-0450
Add Class Member: Failed to add class member : Component  35362-0450
Add Class Member: Failed to add class member : Component  35362-0450
Add Class Member: Failed to add class member : Component  35362-0450
Add Class Member: Failed to add class member : Component  35362-0450
Added Room: Name=MainSchematic
